<?xml version="1.0" encoding="UTF-8" ?>
<testsuite tests="5" failures="0" name="clinic.programming.training.ApplicationTest" time="0.028" errors="0" skipped="1">
  <properties>
[...]
</properties>
  <testcase classname="clinic.programming.training.ApplicationTest" name="testWordCountSingle" time="0.015"/>
  <testcase classname="clinic.programming.training.ApplicationTest" name="testWordCountString" time="0.001"/>
  <testcase classname="clinic.programming.training.ApplicationTest" name="testWordCountEmpty" time="0.004"/>
  <testcase classname="clinic.programming.training.ApplicationTest" name="testWordCountMore" time="0.006">
    <skipped/>
  </testcase>
  <testcase classname="clinic.programming.training.ApplicationTest" name="testWordCountNull" time="0.002"/>
</testsuite>